2025-07-31 12:02:52,379 - INFO - 正在從 c:\Users\UserPC_01\Documents\GitHub\SWSAD1\yokai_inventory_scraper\.env 加載環境變數...
2025-07-31 12:02:52,380 - WARNING - python-dotenv could not parse statement starting at line 4
2025-07-31 12:02:55,838 - INFO - === 開始本地爬蟲任務 ===
2025-07-31 12:02:55,838 - INFO - 正在運行爬蟲...
2025-07-31 12:02:55,838 - INFO - 正在啟動爬蟲...
2025-07-31 12:02:59,959 - INFO - Logging in...
2025-07-31 12:02:59,959 - INFO - 找到輸入框，正在輸入帳號: over****
2025-07-31 12:03:00,131 - INFO - Login successful.
2025-07-31 12:03:00,132 - INFO - Navigating to Store Management...
2025-07-31 12:03:01,190 - INFO - Attempting to load store list (Attempt 1/3)...
2025-07-31 12:03:02,224 - INFO - Store list loaded successfully.
2025-07-31 12:03:02,224 - INFO - --- Preparing to process Page 1 ---
2025-07-31 12:03:02,236 - INFO - Found 10 stores on page 1.
2025-07-31 12:03:02,236 - INFO - Processing store #1 (Page 1, Row 1)...
2025-07-31 12:03:03,292 - INFO -   > Scraped inventory data.
2025-07-31 12:03:03,333 - INFO -   > Closed inventory tab.
2025-07-31 12:03:03,337 - INFO - Processing store #2 (Page 1, Row 2)...
2025-07-31 12:03:04,378 - INFO -   > Scraped inventory data.
2025-07-31 12:03:04,419 - INFO -   > Closed inventory tab.
2025-07-31 12:03:04,932 - INFO - Processing store #3 (Page 1, Row 3)...
2025-07-31 12:03:05,475 - INFO -   > Scraped inventory data.
2025-07-31 12:03:05,519 - INFO -   > Closed inventory tab.
2025-07-31 12:03:05,523 - INFO - Processing store #4 (Page 1, Row 4)...
2025-07-31 12:03:06,580 - INFO -   > Scraped inventory data.
2025-07-31 12:03:06,617 - INFO -   > Closed inventory tab.
2025-07-31 12:03:06,621 - INFO - Processing store #5 (Page 1, Row 5)...
2025-07-31 12:03:07,678 - INFO -   > Scraped inventory data.
2025-07-31 12:03:07,723 - INFO -   > Closed inventory tab.
2025-07-31 12:03:07,727 - INFO - Processing store #6 (Page 1, Row 6)...
2025-07-31 12:03:08,768 - INFO -   > Scraped inventory data.
2025-07-31 12:03:08,808 - INFO -   > Closed inventory tab.
2025-07-31 12:03:09,316 - INFO - Processing store #7 (Page 1, Row 7)...
2025-07-31 12:03:09,858 - INFO -   > Scraped inventory data.
2025-07-31 12:03:09,894 - INFO -   > Closed inventory tab.
2025-07-31 12:03:10,403 - INFO - Processing store #8 (Page 1, Row 8)...
2025-07-31 12:03:10,949 - INFO -   > Scraped inventory data.
2025-07-31 12:03:10,984 - INFO -   > Closed inventory tab.
2025-07-31 12:03:10,988 - INFO - Processing store #9 (Page 1, Row 9)...
2025-07-31 12:03:12,035 - INFO -   > Scraped inventory data.
2025-07-31 12:03:12,075 - INFO -   > Closed inventory tab.
2025-07-31 12:03:12,081 - INFO - Processing store #10 (Page 1, Row 10)...
2025-07-31 12:03:13,134 - INFO -   > Scraped inventory data.
2025-07-31 12:03:13,169 - INFO -   > Closed inventory tab.
2025-07-31 12:03:13,173 - INFO - 
Finished page 1. Attempting to move to page 2...
2025-07-31 12:03:15,721 - INFO - --- Preparing to process Page 2 ---
2025-07-31 12:03:15,751 - INFO - Found 10 stores on page 2.
2025-07-31 12:03:15,752 - INFO - Processing store #11 (Page 2, Row 1)...
2025-07-31 12:03:16,297 - INFO -   > Scraped inventory data.
2025-07-31 12:03:16,332 - INFO -   > Closed inventory tab.
2025-07-31 12:03:16,336 - INFO -   > Navigating back to page 2...
2025-07-31 12:03:17,379 - INFO -   > Returned to page 2.
2025-07-31 12:03:17,380 - INFO - Processing store #12 (Page 2, Row 2)...
2025-07-31 12:03:17,945 - INFO -   > Scraped inventory data.
2025-07-31 12:03:17,979 - INFO -   > Closed inventory tab.
2025-07-31 12:03:17,984 - INFO -   > Navigating back to page 2...
2025-07-31 12:03:19,023 - INFO -   > Returned to page 2.
2025-07-31 12:03:19,024 - INFO - Processing store #13 (Page 2, Row 3)...
2025-07-31 12:03:19,591 - INFO -   > Scraped inventory data.
2025-07-31 12:03:19,626 - INFO -   > Closed inventory tab.
2025-07-31 12:03:19,630 - INFO -   > Navigating back to page 2...
2025-07-31 12:03:20,670 - INFO -   > Returned to page 2.
2025-07-31 12:03:20,671 - INFO - Processing store #14 (Page 2, Row 4)...
2025-07-31 12:03:21,753 - INFO -   > Scraped inventory data.
2025-07-31 12:03:21,786 - INFO -   > Closed inventory tab.
2025-07-31 12:03:21,790 - INFO -   > Navigating back to page 2...
2025-07-31 12:03:22,830 - INFO -   > Returned to page 2.
2025-07-31 12:03:22,831 - INFO - Processing store #15 (Page 2, Row 5)...
2025-07-31 12:03:23,384 - INFO -   > Scraped inventory data.
2025-07-31 12:03:23,419 - INFO -   > Closed inventory tab.
2025-07-31 12:03:23,423 - INFO -   > Navigating back to page 2...
2025-07-31 12:03:24,467 - INFO -   > Returned to page 2.
2025-07-31 12:03:24,467 - INFO - Processing store #16 (Page 2, Row 6)...
2025-07-31 12:03:25,556 - INFO -   > Scraped inventory data.
2025-07-31 12:03:25,589 - INFO -   > Closed inventory tab.
2025-07-31 12:03:26,099 - INFO -   > Navigating back to page 2...
2025-07-31 12:03:26,636 - INFO -   > Returned to page 2.
2025-07-31 12:03:26,637 - INFO - Processing store #17 (Page 2, Row 7)...
2025-07-31 12:03:27,714 - INFO -   > Scraped inventory data.
2025-07-31 12:03:27,753 - INFO -   > Closed inventory tab.
2025-07-31 12:03:28,262 - INFO -   > Navigating back to page 2...
2025-07-31 12:03:28,794 - INFO -   > Returned to page 2.
2025-07-31 12:03:28,795 - INFO - Processing store #18 (Page 2, Row 8)...
2025-07-31 12:03:29,873 - INFO -   > Scraped inventory data.
2025-07-31 12:03:29,906 - INFO -   > Closed inventory tab.
2025-07-31 12:03:29,911 - INFO -   > Navigating back to page 2...
2025-07-31 12:03:30,955 - INFO -   > Returned to page 2.
2025-07-31 12:03:30,956 - INFO - Processing store #19 (Page 2, Row 9)...
2025-07-31 12:03:32,034 - INFO -   > Scraped inventory data.
2025-07-31 12:03:32,082 - INFO -   > Closed inventory tab.
2025-07-31 12:03:32,086 - INFO -   > Navigating back to page 2...
2025-07-31 12:03:33,128 - INFO -   > Returned to page 2.
2025-07-31 12:03:33,129 - INFO - Processing store #20 (Page 2, Row 10)...
2025-07-31 12:03:34,191 - INFO -   > Scraped inventory data.
2025-07-31 12:03:34,231 - INFO -   > Closed inventory tab.
2025-07-31 12:03:35,256 - INFO -   > Navigating back to page 2...
2025-07-31 12:03:35,794 - INFO -   > Returned to page 2.
2025-07-31 12:03:35,795 - INFO - 
Finished page 2. Attempting to move to page 3...
2025-07-31 12:03:37,842 - INFO - --- Preparing to process Page 3 ---
2025-07-31 12:03:37,854 - INFO - Found 1 stores on page 3.
2025-07-31 12:03:37,854 - INFO - Processing store #21 (Page 3, Row 1)...
2025-07-31 12:03:38,416 - INFO -   > Scraped inventory data.
2025-07-31 12:03:38,462 - INFO -   > Closed inventory tab.
2025-07-31 12:03:39,497 - INFO -   > Navigating back to page 3...
2025-07-31 12:03:40,038 - INFO -   > Returned to page 3.
2025-07-31 12:03:40,038 - INFO - 
Finished page 3. Attempting to move to page 4...
2025-07-31 12:04:10,538 - INFO - 
Could not find button for page 4. Assuming it's the last page.
2025-07-31 12:04:10,539 - INFO - 
Scraping complete. Processed 21 stores in total.
2025-07-31 12:04:10,540 - INFO - 
Replacing 'Last replenishment time' with '上次補貨時間' in memory...
2025-07-31 12:04:10,541 - INFO - Replacement complete.
2025-07-31 12:04:10,541 - INFO - Closing the browser.
2025-07-31 12:04:12,635 - INFO - 正在解析數據...
2025-07-31 12:04:12,636 - INFO - 
Starting to parse data in Python...
2025-07-31 12:04:13,790 - INFO - Parsing complete. Found 80 product items.
2025-07-31 12:04:13,790 - INFO - 正在保存數據到 inventory_upload_20250731_120413.json...
2025-07-31 12:04:13,791 - INFO - === 爬蟲任務完成 ===
2025-07-31 12:04:13,791 - INFO - 總項目數: 80
2025-07-31 12:04:13,792 - INFO - 店鋪數量: 14
2025-07-31 12:04:13,792 - INFO - 機台數量: 15
2025-07-31 12:04:13,792 - INFO - 產品種類: 23
2025-07-31 12:04:13,792 - INFO - 輸出文件: inventory_upload_20250731_120413.json
2025-07-31 12:04:13,792 - INFO - 文件大小: 20.37 KB
