2025-07-28 11:31:38,007 - INFO - 正在從 C:\Users\UserPC_01\Documents\GitHub\SWSAD1\yokai_inventory_scraper\.env 加載環境變數...
2025-07-28 11:31:38,008 - WARNING - python-dotenv could not parse statement starting at line 4
2025-07-28 11:31:44,938 - INFO - === 開始本地爬蟲任務 ===
2025-07-28 11:31:44,938 - INFO - 正在運行爬蟲...
2025-07-28 11:31:44,938 - INFO - 正在啟動爬蟲...
2025-07-28 11:31:49,252 - INFO - Logging in...
2025-07-28 11:31:49,252 - INFO - 找到輸入框，正在輸入帳號: over****
2025-07-28 11:31:49,413 - INFO - Login successful.
2025-07-28 11:31:49,413 - INFO - Navigating to Store Management...
2025-07-28 11:31:51,006 - INFO - Attempting to load store list (Attempt 1/3)...
2025-07-28 11:31:52,044 - INFO - Store list loaded successfully.
2025-07-28 11:31:52,044 - INFO - --- Preparing to process Page 1 ---
2025-07-28 11:31:52,054 - INFO - Found 10 stores on page 1.
2025-07-28 11:31:52,054 - INFO - Processing store #1 (Page 1, Row 1)...
2025-07-28 11:31:53,122 - INFO -   > Scraped inventory data.
2025-07-28 11:31:53,162 - INFO -   > Closed inventory tab.
2025-07-28 11:31:53,166 - INFO - Processing store #2 (Page 1, Row 2)...
2025-07-28 11:31:54,209 - INFO -   > Scraped inventory data.
2025-07-28 11:31:54,242 - INFO -   > Closed inventory tab.
2025-07-28 11:31:54,753 - INFO - Processing store #3 (Page 1, Row 3)...
2025-07-28 11:31:55,302 - INFO -   > Scraped inventory data.
2025-07-28 11:31:55,344 - INFO -   > Closed inventory tab.
2025-07-28 11:31:55,349 - INFO - Processing store #4 (Page 1, Row 4)...
2025-07-28 11:31:56,399 - INFO -   > Scraped inventory data.
2025-07-28 11:31:56,434 - INFO -   > Closed inventory tab.
2025-07-28 11:31:56,438 - INFO - Processing store #5 (Page 1, Row 5)...
2025-07-28 11:31:57,495 - INFO -   > Scraped inventory data.
2025-07-28 11:31:57,535 - INFO -   > Closed inventory tab.
2025-07-28 11:31:57,539 - INFO - Processing store #6 (Page 1, Row 6)...
2025-07-28 11:31:58,579 - INFO -   > Scraped inventory data.
2025-07-28 11:31:58,613 - INFO -   > Closed inventory tab.
2025-07-28 11:31:59,138 - INFO - Processing store #7 (Page 1, Row 7)...
2025-07-28 11:31:59,684 - INFO -   > Scraped inventory data.
2025-07-28 11:31:59,717 - INFO -   > Closed inventory tab.
2025-07-28 11:32:00,735 - INFO - Processing store #8 (Page 1, Row 8)...
2025-07-28 11:32:01,795 - INFO -   > Scraped inventory data.
2025-07-28 11:32:01,834 - INFO -   > Closed inventory tab.
2025-07-28 11:32:01,839 - INFO - Processing store #9 (Page 1, Row 9)...
2025-07-28 11:32:02,893 - INFO -   > Scraped inventory data.
2025-07-28 11:32:02,928 - INFO -   > Closed inventory tab.
2025-07-28 11:32:02,933 - INFO - Processing store #10 (Page 1, Row 10)...
2025-07-28 11:32:04,005 - INFO -   > Scraped inventory data.
2025-07-28 11:32:04,039 - INFO -   > Closed inventory tab.
2025-07-28 11:32:04,044 - INFO - 
Finished page 1. Attempting to move to page 2...
2025-07-28 11:32:06,588 - INFO - --- Preparing to process Page 2 ---
2025-07-28 11:32:06,613 - INFO - Found 10 stores on page 2.
2025-07-28 11:32:06,613 - INFO - Processing store #11 (Page 2, Row 1)...
2025-07-28 11:32:07,688 - INFO -   > Scraped inventory data.
2025-07-28 11:32:07,719 - INFO -   > Closed inventory tab.
2025-07-28 11:32:07,723 - INFO -   > Navigating back to page 2...
2025-07-28 11:32:08,767 - INFO -   > Returned to page 2.
2025-07-28 11:32:08,768 - INFO - Processing store #12 (Page 2, Row 2)...
2025-07-28 11:32:09,340 - INFO -   > Scraped inventory data.
2025-07-28 11:32:09,374 - INFO -   > Closed inventory tab.
2025-07-28 11:32:09,378 - INFO -   > Navigating back to page 2...
2025-07-28 11:32:10,423 - INFO -   > Returned to page 2.
2025-07-28 11:32:10,424 - INFO - Processing store #13 (Page 2, Row 3)...
2025-07-28 11:32:11,525 - INFO -   > Scraped inventory data.
2025-07-28 11:32:11,556 - INFO -   > Closed inventory tab.
2025-07-28 11:32:11,560 - INFO -   > Navigating back to page 2...
2025-07-28 11:32:12,606 - INFO -   > Returned to page 2.
2025-07-28 11:32:12,607 - INFO - Processing store #14 (Page 2, Row 4)...
2025-07-28 11:32:13,700 - INFO -   > Scraped inventory data.
2025-07-28 11:32:13,732 - INFO -   > Closed inventory tab.
2025-07-28 11:32:13,735 - INFO -   > Navigating back to page 2...
2025-07-28 11:32:14,778 - INFO -   > Returned to page 2.
2025-07-28 11:32:14,779 - INFO - Processing store #15 (Page 2, Row 5)...
2025-07-28 11:32:15,864 - INFO -   > Scraped inventory data.
2025-07-28 11:32:15,896 - INFO -   > Closed inventory tab.
2025-07-28 11:32:15,900 - INFO -   > Navigating back to page 2...
2025-07-28 11:32:17,453 - INFO -   > Returned to page 2.
2025-07-28 11:32:17,453 - INFO - Processing store #16 (Page 2, Row 6)...
2025-07-28 11:32:18,016 - INFO -   > Scraped inventory data.
2025-07-28 11:32:18,048 - INFO -   > Closed inventory tab.
2025-07-28 11:32:18,560 - INFO -   > Navigating back to page 2...
2025-07-28 11:32:19,093 - INFO -   > Returned to page 2.
2025-07-28 11:32:19,093 - INFO - Processing store #17 (Page 2, Row 7)...
2025-07-28 11:32:20,176 - INFO -   > Scraped inventory data.
2025-07-28 11:32:20,208 - INFO -   > Closed inventory tab.
2025-07-28 11:32:20,719 - INFO -   > Navigating back to page 2...
2025-07-28 11:32:21,254 - INFO -   > Returned to page 2.
2025-07-28 11:32:21,254 - INFO - Processing store #18 (Page 2, Row 8)...
2025-07-28 11:32:21,814 - INFO -   > Scraped inventory data.
2025-07-28 11:32:21,848 - INFO -   > Closed inventory tab.
2025-07-28 11:32:21,853 - INFO -   > Navigating back to page 2...
2025-07-28 11:32:22,386 - INFO -   > Returned to page 2.
2025-07-28 11:32:22,387 - INFO - Processing store #19 (Page 2, Row 9)...
2025-07-28 11:32:22,938 - INFO -   > Scraped inventory data.
2025-07-28 11:32:22,973 - INFO -   > Closed inventory tab.
2025-07-28 11:32:22,977 - INFO -   > Navigating back to page 2...
2025-07-28 11:32:24,017 - INFO -   > Returned to page 2.
2025-07-28 11:32:24,018 - INFO - Processing store #20 (Page 2, Row 10)...
2025-07-28 11:32:24,584 - INFO -   > Scraped inventory data.
2025-07-28 11:32:24,617 - INFO -   > Closed inventory tab.
2025-07-28 11:32:25,132 - INFO -   > Navigating back to page 2...
2025-07-28 11:32:25,666 - INFO -   > Returned to page 2.
2025-07-28 11:32:25,666 - INFO - 
Finished page 2. Attempting to move to page 3...
2025-07-28 11:32:27,717 - INFO - --- Preparing to process Page 3 ---
2025-07-28 11:32:27,741 - INFO - Found 1 stores on page 3.
2025-07-28 11:32:27,741 - INFO - Processing store #21 (Page 3, Row 1)...
2025-07-28 11:32:28,283 - INFO -   > Scraped inventory data.
2025-07-28 11:32:28,317 - INFO -   > Closed inventory tab.
2025-07-28 11:32:28,831 - INFO -   > Navigating back to page 3...
2025-07-28 11:32:29,365 - INFO -   > Returned to page 3.
2025-07-28 11:32:29,365 - INFO - 
Finished page 3. Attempting to move to page 4...
2025-07-28 11:32:59,498 - INFO - 
Could not find button for page 4. Assuming it's the last page.
2025-07-28 11:32:59,498 - INFO - 
Scraping complete. Processed 21 stores in total.
2025-07-28 11:32:59,499 - INFO - 
Replacing 'Last replenishment time' with '上次補貨時間' in memory...
2025-07-28 11:32:59,499 - INFO - Replacement complete.
2025-07-28 11:32:59,499 - INFO - Closing the browser.
2025-07-28 11:33:03,111 - INFO - 正在解析數據...
2025-07-28 11:33:03,112 - INFO - 
Starting to parse data in Python...
2025-07-28 11:33:04,502 - INFO - Parsing complete. Found 69 product items.
2025-07-28 11:33:04,502 - INFO - 正在保存數據到 inventory_upload_20250728_113304.json...
2025-07-28 11:33:04,505 - INFO - === 爬蟲任務完成 ===
2025-07-28 11:33:04,505 - INFO - 總項目數: 69
2025-07-28 11:33:04,506 - INFO - 店鋪數量: 13
2025-07-28 11:33:04,506 - INFO - 機台數量: 13
2025-07-28 11:33:04,506 - INFO - 產品種類: 23
2025-07-28 11:33:04,507 - INFO - 輸出文件: inventory_upload_20250728_113304.json
2025-07-28 11:33:04,507 - INFO - 文件大小: 17.63 KB
